[debug] [2017-09-20T18:51:19.705Z] ----------------------------------------------------------------------
[debug] [2017-09-20T18:51:19.707Z] Command:       /usr/local/bin/node /usr/local/bin/firebase deploy
[debug] [2017-09-20T18:51:19.707Z] CLI Version:   3.12.0
[debug] [2017-09-20T18:51:19.707Z] Platform:      darwin
[debug] [2017-09-20T18:51:19.707Z] Node Version:  v8.4.0
[debug] [2017-09-20T18:51:19.707Z] Time:          Wed Sep 20 2017 12:51:19 GMT-0600 (MDT)
[debug] [2017-09-20T18:51:19.707Z] ----------------------------------------------------------------------
[debug] 
[debug] [2017-09-20T18:51:19.719Z] > command requires scopes: ["email","openid","https://www.googleapis.com/auth/cloudplatformprojects.readonly","https://www.googleapis.com/auth/firebase","https://www.googleapis.com/auth/cloud-platform"]
[debug] [2017-09-20T18:51:19.719Z] > authorizing via signed-in user
[debug] [2017-09-20T18:51:19.721Z] >>> HTTP REQUEST GET https://admin.firebase.com/v1/projects/softspotfront  
 Wed Sep 20 2017 12:51:19 GMT-0600 (MDT)
[debug] [2017-09-20T18:51:20.062Z] <<< HTTP RESPONSE 200
[debug] [2017-09-20T18:51:20.063Z] >>> HTTP REQUEST GET https://admin.firebase.com/v1/database/softspotfront/tokens  
 Wed Sep 20 2017 12:51:20 GMT-0600 (MDT)
[debug] [2017-09-20T18:51:20.356Z] <<< HTTP RESPONSE 200
[info] 
[info] === Deploying to 'softspotfront'...
[info] 
[info] i  deploying hosting
[info] i  hosting: preparing SoftSpot_front directory for upload...
[warn] ⚠  Warning: Public directory does not contain index.html
[debug] [2017-09-20T18:51:21.029Z] >>> HTTP REQUEST PUT https://deploy.firebase.com/v1/hosting/softspotfront/uploads/-KuVcK5oDjMRuAZFXwJ5?fileCount=52&message=  
 Wed Sep 20 2017 12:51:21 GMT-0600 (MDT)
[debug] [2017-09-20T18:51:26.706Z] <<< HTTP RESPONSE 200
[debug] [2017-09-20T18:51:26.706Z] [hosting] .tgz uploaded successfully, waiting for extraction
[info] ✔  hosting: 52 files uploaded successfully
[info] i  starting release process (may take several minutes)...
[debug] [2017-09-20T18:51:38.403Z] >>> HTTP REQUEST POST https://deploy.firebase.com/v1/projects/softspotfront/releases { hosting: 
   { public: 'SoftSpot_front',
     ignore: [ 'firebase.json', '**/.*', '**/node_modules/**' ],
     rewrites: [ [Object] ],
     version: '-KuVcK5oDjMRuAZFXwJ5',
     prefix: '-KuVcK5oDjMRuAZFXwJ5/',
     manifest: [] } } 
 Wed Sep 20 2017 12:51:38 GMT-0600 (MDT)
